[20:38:02][PluginLoader][INFO] No plugins found.
[20:38:02][NATTCore][INFO] NATT CORE initialization done
Version: 1.7.0 
Configuration path: https://gitlab.com/ap5vs/test-config/im-server-config/-/raw/main/test-config-4.yaml?ref_type=heads
Configuration loading mode: FROM URL
[20:38:02][NATTCore][INFO] Working directory path: C:\Users\tomas\Desktop\AP5VS\im-server-main
[20:38:02][NATTCore][INFO] Start loading of the configuration file ...
[20:38:03][NetworkIO][INFO] Yaml data has been loaded from network location (https://gitlab.com/ap5vs/test-config/im-server-config/-/raw/main/test-config-4.yaml?ref_type=heads)
[20:38:03][NATTCore][INFO] Configuration loading done
[20:38:03][NATTCore][INFO] Start building test structure according to the configuration ...
[20:38:03][NATTCore][INFO] Test structure ...
[20:38:03][NATTCore][INFO] Test structure building done
[20:38:03][NATTCore][INFO] Start test executing ...
[20:38:03][TestReportGenerator][INFO] Extenet reports generated. Final report will be saved to file: test_report.html
[20:38:03][NATTCore][INFO] Starts execution on the root keyword  ...
[20:38:03][MessageBuffer][INFO] Message buffer created for module with name: default
[20:38:03][ExternalProgramRunner][INFO] (default) Run external app with command: java -jar app/build/libs/app.jar 9999 10
[20:38:03][ProcessManager][INFO] New PID (4812) added to file
[20:38:03][WaitKw][INFO] Waiting: 3000 ms
[20:38:03][MessageBuffer][INFO] Message added to buffer [ Mod: default | Tag:  ] Content: 'IM server listening on port 9999, maximum nr. of connections=10...'
[20:38:06][MessageBuffer][INFO] Message buffer created for module with name: client-1
[20:38:06][TelnetClient][INFO] (client-1) Telnet client connected to host with the address: 'localhost' on port '9999'
[20:38:06][MessageBuffer][INFO] Message buffer created for module with name: client-2
[20:38:06][TelnetClient][INFO] (client-2) Telnet client connected to host with the address: 'localhost' on port '9999'
[20:38:06][MessageBuffer][INFO] Message buffer created for module with name: client-3
[20:38:06][TelnetClient][INFO] (client-3) Telnet client connected to host with the address: 'localhost' on port '9999'
[20:38:06][WaitKw][INFO] Waiting: 2000 ms
[20:38:06][MessageBuffer][INFO] Message added to buffer [ Mod: client-3 | Tag:  ] Content: ''
[20:38:06][MessageBuffer][INFO] Message added to buffer [ Mod: client-1 | Tag:  ] Content: ''
[20:38:06][MessageBuffer][INFO] Message added to buffer [ Mod: client-2 | Tag:  ] Content: ''
[20:38:06][MessageBuffer][INFO] Message added to buffer [ Mod: client-1 | Tag:  ] Content: 'You are connected from /127.0.0.1:60053'
[20:38:06][MessageBuffer][INFO] Message added to buffer [ Mod: client-3 | Tag:  ] Content: 'You are connected from /127.0.0.1:60055'
[20:38:06][MessageBuffer][INFO] Message added to buffer [ Mod: client-2 | Tag:  ] Content: 'You are connected from /127.0.0.1:60054'
[20:38:08][TelnetClient][INFO] (client-1) Message send: Klient1
[20:38:08][TelnetClient][INFO] (client-2) Message send: Klient2
[20:38:08][TelnetClient][INFO] (client-3) Message send: Klient3
[20:38:08][WaitKw][INFO] Waiting: 800 ms
[20:38:08][MessageBuffer][INFO] Message added to buffer [ Mod: default | Tag:  ] Content: 'From client /127.0.0.1:60053: Klient1'
[20:38:08][MessageBuffer][INFO] Message added to buffer [ Mod: default | Tag:  ] Content: 'From client /127.0.0.1:60055: Klient3'
[20:38:08][MessageBuffer][INFO] Message added to buffer [ Mod: default | Tag:  ] Content: 'From client /127.0.0.1:60054: Klient2'
[20:38:08][MessageBuffer][INFO] Message added to buffer [ Mod: client-2 | Tag:  ] Content: 'From client /127.0.0.1:60053: Klient1'
[20:38:08][MessageBuffer][INFO] Message added to buffer [ Mod: client-3 | Tag:  ] Content: 'From client /127.0.0.1:60053: Klient1'
[20:38:08][MessageBuffer][INFO] Message added to buffer [ Mod: client-1 | Tag:  ] Content: 'From client /127.0.0.1:60054: Klient2'
[20:38:08][MessageBuffer][INFO] Message added to buffer [ Mod: client-2 | Tag:  ] Content: 'From client /127.0.0.1:60055: Klient3'
[20:38:08][MessageBuffer][INFO] Message added to buffer [ Mod: client-1 | Tag:  ] Content: 'From client /127.0.0.1:60055: Klient3'
[20:38:08][MessageBuffer][INFO] Message added to buffer [ Mod: client-3 | Tag:  ] Content: 'From client /127.0.0.1:60054: Klient2'
[20:38:09][TestSuiteKw][INFO] Test case 'Zaklaní test komunikace 1' starts executing now
[20:38:09][TelnetClient][INFO] (client-1) Message send: Hello, world!
[20:38:09][MessageBuffer][INFO] Message added to buffer [ Mod: default | Tag:  ] Content: 'From client /127.0.0.1:60053: Hello, world!'
[20:38:09][MessageBuffer][INFO] Message added to buffer [ Mod: client-3 | Tag:  ] Content: 'From client /127.0.0.1:60053: Hello, world!'
[20:38:09][MessageBuffer][INFO] Message added to buffer [ Mod: client-2 | Tag:  ] Content: 'From client /127.0.0.1:60053: Hello, world!'
[20:38:09][WaitKw][INFO] Waiting: 1000 ms
[20:38:10][AssertEqualsKw][WARNING] Assertion failed. True was expected as the result. Condition: (Value of variable 'From client /127.0.0.1:60053: Hello, world!' must contains expected text '[Klient1] >> Hello, world!')
[20:38:10][AssertEqualsKw][WARNING] Assertion failed. True was expected as the result. Condition: (Value of variable 'From client /127.0.0.1:60053: Hello, world!' must contains expected text '[Klient1] >> Hello, world!')
[20:38:10][TestSuiteKw][ERROR] Test suite 'Testování běžné komunikace' - Test case 'Zaklaní test komunikace 1' failed
[20:38:10][MessageBuffer][INFO] Message buffer cleared
[20:38:10][TestSuiteKw][INFO] Test case 'Zaklaní test komunikace 2' starts executing now
[20:38:10][TelnetClient][INFO] (client-1) Message send: Testing 123
[20:38:10][MessageBuffer][INFO] Message added to buffer [ Mod: default | Tag:  ] Content: 'From client /127.0.0.1:60053: Testing 123'
[20:38:10][MessageBuffer][INFO] Message added to buffer [ Mod: client-3 | Tag:  ] Content: 'From client /127.0.0.1:60053: Testing 123'
[20:38:10][MessageBuffer][INFO] Message added to buffer [ Mod: client-2 | Tag:  ] Content: 'From client /127.0.0.1:60053: Testing 123'
[20:38:10][TelnetClient][INFO] (client-2) Message send: 12345 - 67890
[20:38:10][MessageBuffer][INFO] Message added to buffer [ Mod: default | Tag:  ] Content: 'From client /127.0.0.1:60054: 12345 - 67890'
[20:38:10][MessageBuffer][INFO] Message added to buffer [ Mod: client-3 | Tag:  ] Content: 'From client /127.0.0.1:60054: 12345 - 67890'
[20:38:10][MessageBuffer][INFO] Message added to buffer [ Mod: client-1 | Tag:  ] Content: 'From client /127.0.0.1:60054: 12345 - 67890'
[20:38:10][TelnetClient][INFO] (client-3) Message send: This is a test message
[20:38:10][MessageBuffer][INFO] Message added to buffer [ Mod: default | Tag:  ] Content: 'From client /127.0.0.1:60055: This is a test message'
[20:38:10][MessageBuffer][INFO] Message added to buffer [ Mod: client-1 | Tag:  ] Content: 'From client /127.0.0.1:60055: This is a test message'
[20:38:10][WaitKw][INFO] Waiting: 1000 ms
[20:38:10][MessageBuffer][INFO] Message added to buffer [ Mod: client-2 | Tag:  ] Content: 'From client /127.0.0.1:60055: This is a test message'
[20:38:11][NATTContext][INFO] Data has been stored in to the variable 'var-1'. Data value: 
[20:38:11][AssertEqualsKw][WARNING] Assertion failed. True was expected as the result. Condition: (Value of variable '' must equals expected text '[Klient2] >> 12345 - 67890')
[20:38:11][NATTContext][INFO] Data has been stored in to the variable 'var-1'. Data value: 
[20:38:11][AssertEqualsKw][WARNING] Assertion failed. True was expected as the result. Condition: (Value of variable '' must contains expected text '[Klient3] >> This is a test message')
[20:38:11][NATTContext][INFO] Data has been stored in to the variable 'var-1'. Data value: 
[20:38:11][AssertEqualsKw][WARNING] Assertion failed. True was expected as the result. Condition: (Value of variable '' must contains expected text '[Klient1] >> Testing 123')
[20:38:11][TestSuiteKw][ERROR] Test suite 'Testování běžné komunikace' - Test case 'Zaklaní test komunikace 2' failed
[20:38:12][MessageBuffer][INFO] Message buffer cleared
[20:38:12][TestSuiteKw][INFO] Test case 'Test odeslání soukromé zprávy' starts executing now
[20:38:12][TelnetClient][INFO] (client-2) Message send: #sendPrivate Klient3 This is a private message
[20:38:12][WaitKw][INFO] Waiting: 1000 ms
[20:38:13][NATTContext][INFO] Data has been stored in to the variable 'var-1'. Data value: 
[20:38:13][NATTContext][INFO] Data has been stored in to the variable 'var-2'. Data value: 
[20:38:13][AssertEqualsKw][WARNING] Assertion failed. True was expected as the result. Condition: (Value of variable '' must contains expected text '[Klient2] >> This is a private message')
[20:38:13][TestSuiteKw][ERROR] Test suite 'Testování běžné komunikace' - Test case 'Test odeslání soukromé zprávy' failed
[20:38:13][MessageBuffer][INFO] Message buffer cleared
[20:38:14][MessageBuffer][INFO] Message buffer cleared
[20:38:14][TestSuiteKw][INFO] Test case 'Test vstoupení do diskuzní místnosti' starts executing now
[20:38:14][TelnetClient][INFO] (client-1) Message send: #join MyGroup1
[20:38:14][TelnetClient][INFO] (client-2) Message send: #join MyGroup1
[20:38:14][WaitKw][INFO] Waiting: 1000 ms
[20:38:15][TelnetClient][INFO] (client-1) Message send: #groups
[20:38:15][WaitKw][INFO] Waiting: 1000 ms
[20:38:16][AssertEqualsKw][WARNING] Assertion failed. True was expected as the result. Condition: (Value of variable 'From client /127.0.0.1:60055: This is a test message' must contains expected text 'MyGroup1')
[20:38:16][TelnetClient][INFO] (client-1) Message send: #leave public
[20:38:16][TelnetClient][INFO] (client-2) Message send: #leave public
[20:38:16][WaitKw][INFO] Waiting: 1000 ms
[20:38:17][TelnetClient][INFO] (client-1) Message send: #groups
[20:38:17][WaitKw][INFO] Waiting: 1000 ms
[20:38:18][TestSuiteKw][ERROR] Test suite 'Testování diskuzních místností' - Test case 'Test vstoupení do diskuzní místnosti' failed
[20:38:18][MessageBuffer][INFO] Message buffer cleared
[20:38:19][TestSuiteKw][INFO] Test case 'Test komunikace v diskuzní místnosti' starts executing now
[20:38:19][TelnetClient][INFO] (client-1) Message send: This is private message
[20:38:19][WaitKw][INFO] Waiting: 1000 ms
[20:38:20][AssertEqualsKw][WARNING] Assertion failed. True was expected as the result. Condition: (Value of variable 'From client /127.0.0.1:60055: This is a test message' must contains expected text 'This is private message')
[20:38:20][TelnetClient][INFO] (client-3) Message send: #join MyGroup1
[20:38:20][WaitKw][INFO] Waiting: 1000 ms
[20:38:21][TelnetClient][INFO] (client-1) Message send: This is private message
[20:38:21][WaitKw][INFO] Waiting: 1000 ms
[20:38:22][AssertEqualsKw][WARNING] Assertion failed. True was expected as the result. Condition: (Value of variable 'From client /127.0.0.1:60054: 12345 - 67890' must contains expected text 'This is private message')
[20:38:22][TestSuiteKw][ERROR] Test suite 'Testování diskuzních místností' - Test case 'Test komunikace v diskuzní místnosti' failed
[20:38:22][MessageBuffer][INFO] Message buffer cleared
[20:38:22][MessageBuffer][INFO] Message buffer cleared
[20:38:22][TestSuiteKw][INFO] Test case 'Test změny jména' starts executing now
[20:38:22][TelnetClient][INFO] (client-1) Message send: #setMyName NoveJmeno1
[20:38:22][WaitKw][INFO] Waiting: 1000 ms
[20:38:23][TelnetClient][INFO] (client-1) Message send: This is new message
[20:38:23][WaitKw][INFO] Waiting: 1000 ms
[20:38:24][AssertEqualsKw][WARNING] Assertion failed. True was expected as the result. Condition: (Value of variable 'From client /127.0.0.1:60055: This is a test message' must contains expected text '[NoveJmeno1] >> This is new message')
[20:38:24][TestSuiteKw][ERROR] Test suite 'Testování příkazu pro změnů jména' - Test case 'Test změny jména' failed
[20:38:25][MessageBuffer][INFO] Message buffer cleared
[20:38:25][TestSuiteKw][INFO] Test case 'Test změny na neunikátní jméno' starts executing now
[20:38:25][TelnetClient][INFO] (client-1) Message send: #setMyName Klient2
[20:38:25][WaitKw][INFO] Waiting: 1000 ms
[20:38:26][TelnetClient][INFO] (client-1) Message send: This is new message
[20:38:26][WaitKw][INFO] Waiting: 1000 ms
[20:38:27][AssertEqualsKw][WARNING] Assertion failed. True was expected as the result. Condition: (Value of variable 'From client /127.0.0.1:60055: This is a test message' must contains expected text '[NoveJmeno1] >> This is new message')
[20:38:27][TestSuiteKw][ERROR] Test suite 'Testování příkazu pro změnů jména' - Test case 'Test změny na neunikátní jméno' failed
[20:38:27][MessageBuffer][INFO] Message buffer cleared
[20:38:28][MessageBuffer][INFO] Message buffer cleared
[20:38:28][MessageBuffer][INFO] Message buffer cleared
[20:38:28][ExternalProgramRunner][INFO] (default) Termiting external application
[20:38:28][TelnetClient][WARNING] (client-2) Connection closed
[20:38:28][TelnetClient][WARNING] (client-1) Connection closed
[20:38:28][TelnetClient][WARNING] (client-3) Connection closed
[20:38:28][ProcessManager][INFO] PID (4812) removed from file
[20:38:28][TelnetClient][INFO] (client-1) Telnet client [client-1] terminated
[20:38:28][ProcessManager][INFO] PID (4812) removed from file
[20:38:28][TelnetClient][INFO] (client-2) Telnet client [client-2] terminated
[20:38:28][TelnetClient][INFO] (client-3) Telnet client [client-3] terminated
[20:38:28][NATTCore][INFO] Test executing finished
[20:38:28][NATTCore][INFO] Start generating test report
[20:38:28][ExternalProgramRunner][WARNING] (default) External application ends with error: 1
[20:38:28][ExternalProgramRunner][WARNING] (default) Error message from external application: DBG>Input handler starting for /127.0.0.1:60053
DBG>Input handler starting for /127.0.0.1:60055
DBG>Output handler starting for /127.0.0.1:60055
DBG>Output handler starting for /127.0.0.1:60054
DBG>Output handler starting for /127.0.0.1:60053
DBG>Input handler starting for /127.0.0.1:60054
DBG>Output handler running for /127.0.0.1:60053
DBG>Input handler running for /127.0.0.1:60053
DBG>Input handler running for /127.0.0.1:60054
DBG>Output handler running for /127.0.0.1:60054
DBG>Output handler running for /127.0.0.1:60055
DBG>Input handler running for /127.0.0.1:60055
DBG>Message sent to /127.0.0.1:60054:From client /127.0.0.1:60053: Klient1

DBG>Message sent to /127.0.0.1:60054:From client /127.0.0.1:60055: Klient3

DBG>Message sent to /127.0.0.1:60053:From client /127.0.0.1:60054: Klient2

DBG>Message sent to /127.0.0.1:60055:From client /127.0.0.1:60053: Klient1

DBG>Message sent to /127.0.0.1:60053:From client /127.0.0.1:60055: Klient3

DBG>Message sent to /127.0.0.1:60055:From client /127.0.0.1:60054: Klient2

DBG>Message sent to /127.0.0.1:60054:From client /127.0.0.1:60053: Hello, world!

DBG>Message sent to /127.0.0.1:60055:From client /127.0.0.1:60053: Hello, world!

DBG>Message sent to /127.0.0.1:60055:From client /127.0.0.1:60053: Testing 123

DBG>Message sent to /127.0.0.1:60054:From client /127.0.0.1:60053: Testing 123

DBG>Message sent to /127.0.0.1:60055:From client /127.0.0.1:60054: 12345 - 67890

DBG>Message sent to /127.0.0.1:60053:From client /127.0.0.1:60054: 12345 - 67890

DBG>Message sent to /127.0.0.1:60053:From client /127.0.0.1:60055: This is a test message

DBG>Message sent to /127.0.0.1:60054:From client /127.0.0.1:60055: This is a test message

Exception in thread "pool-1-thread-3" java.lang.NullPointerException: Cannot invoke "String.equals(Object)" because "handler.username" is null
	at utb.fai.ActiveHandlers.sendPrivateMessage(ActiveHandlers.java:26)
	at utb.fai.SocketHandler$InputHandler.run(SocketHandler.java:114)
	at java.base/java.util.concurrent.ThreadPoolExecutor.runWorker(ThreadPoolExecutor.java:1136)
	at java.base/java.util.concurrent.ThreadPoolExecutor$Worker.run(ThreadPoolExecutor.java:635)
	at java.base/java.lang.Thread.run(Thread.java:842)
Exception in thread "pool-1-thread-1" java.lang.NullPointerException: Cannot invoke "String.equals(Object)" because "handler.username" is null
	at utb.fai.ActiveHandlers.sendPrivateMessage(ActiveHandlers.java:26)
	at utb.fai.SocketHandler$InputHandler.run(SocketHandler.java:126)
	at java.base/java.util.concurrent.ThreadPoolExecutor.runWorker(ThreadPoolExecutor.java:1136)
	at java.base/java.util.concurrent.ThreadPoolExecutor$Worker.run(ThreadPoolExecutor.java:635)
	at java.base/java.lang.Thread.run(Thread.java:842)

[20:38:28][TestReportGenerator][INFO] Report saved to file
[20:38:28][NATTCore][WARNING] Failed test cases: "Zaklaní test komunikace 1", "Zaklaní test komunikace 2", "Test odeslání soukromé zprávy", "Test vstoupení do diskuzní místnosti", "Test komunikace v diskuzní místnosti", "Test změny jména", "Test změny na neunikátní jméno"
[20:38:28][NATTCore][INFO] Final score: 0.000000
[20:38:28][NATTCore][ERROR] Testing done. Leaving status: FAILED
